Сборка начата 15.12.2015 21:43:53.
     1>Проект "E:\Учеба\Second\ООП\лабы\lab10\three\three\three.vcxproj" в узле 2 (целевые объекты Build).
     1>ClCompile:
         C:\Program Files (x86)\Microsoft Visual Studio 14.0\VC\bin\CL.exe /c /ZI /nologo /W3 /WX- /sdl /Od /Oy- /D WIN32 /D _DEBUG /D _CONSOLE /D _UNICODE /D UNICODE /Gm /EHsc /RTC1 /MDd /GS /fp:precise /Zc:wchar_t /Zc:forScope /Zc:inline /Fo"Debug\\" /Fd"Debug\vc140.pdb" /Gd /TP /analyze- /errorReport:prompt main.cpp
         main.cpp
     1>e:\учеба\second\ооп\лабы\lab10\three\three\main.cpp(23): warning C4018: <: несоответствие типов со знаком и без знака
     1>e:\учеба\second\ооп\лабы\lab10\three\three\main.cpp(33): warning C4018: <: несоответствие типов со знаком и без знака
     1>e:\учеба\second\ооп\лабы\lab10\three\three\main.cpp(35): warning C4018: <: несоответствие типов со знаком и без знака
     1>e:\учеба\second\ооп\лабы\lab10\three\three\main.cpp(55): warning C4018: <: несоответствие типов со знаком и без знака
     1>e:\учеба\second\ооп\лабы\lab10\three\three\main.cpp(62): warning C4018: <: несоответствие типов со знаком и без знака
     1>e:\учеба\second\ооп\лабы\lab10\three\three\main.cpp(68): warning C4018: <: несоответствие типов со знаком и без знака
     1>e:\учеба\second\ооп\лабы\lab10\three\three\main.cpp(76): warning C4018: <: несоответствие типов со знаком и без знака
     1>e:\учеба\second\ооп\лабы\lab10\three\three\main.cpp(80): warning C4018: <: несоответствие типов со знаком и без знака
     1>e:\учеба\second\ооп\лабы\lab10\three\three\main.cpp(85): warning C4018: <: несоответствие типов со знаком и без знака
     1>e:\учеба\second\ооп\лабы\lab10\three\three\main.cpp(93): warning C4018: <: несоответствие типов со знаком и без знака
       Link:
         C:\Program Files (x86)\Microsoft Visual Studio 14.0\VC\bin\link.exe /ERRORREPORT:PROMPT /OUT:"E:\Учеба\Second\ООП\лабы\lab10\three\Debug\three.exe" /INCREMENTAL /NOLOGO kernel32.lib user32.lib gdi32.lib winspool.lib comdlg32.lib advapi32.lib shell32.lib ole32.lib oleaut32.lib uuid.lib odbc32.lib odbccp32.lib /MANIFEST /MANIFESTUAC:"level='asInvoker' uiAccess='false'" /manifest:embed /Debug /PDB:"E:\Учеба\Second\ООП\лабы\lab10\three\Debug\three.pdb" /SUBSYSTEM:CONSOLE /TLBID:1 /DYNAMICBASE /NXCOMPAT /IMPLIB:"E:\Учеба\Second\ООП\лабы\lab10\three\Debug\three.lib" /MACHINE:X86 Debug\main.obj
         Debug\Set.obj
         three.vcxproj -> E:\Учеба\Second\ООП\лабы\lab10\three\Debug\three.exe
     1>Сборка проекта "E:\Учеба\Second\ООП\лабы\lab10\three\three\three.vcxproj" завершена (целевые объекты Build).

Сборка успешно завершена.

Затраченное время: 00:00:01.18
